01:29:11.588 [main                     ] DEBUG Logger               - Configured Logger
01:29:11.607 [main                     ] DEBUG GameApplication      - Logging settings
Title: Game of Life
Version: 
Width: 1280
Height: 720
Fullscreen: false
Intro: false
Profiling: false
Single step:false
App Mode: DEVELOPER
Menu Key: ESCAPE
Stage Style: DECORATED
Scene Factory: class com.almasb.fxgl.app.scene.SceneFactory

01:29:11.871 [JavaFX Application Thread] DEBUG FXGLApplication      - Initializing FXGL
01:29:11.875 [JavaFX Application Thread] INFO  Engine               - FXGL-17.1 (24.03.2022 17.34) on WINDOWS (J:19.0.1 FX:19-ea)
01:29:11.875 [JavaFX Application Thread] DEBUG Engine               - JRE Vendor Name: Oracle Corporation
01:29:11.875 [JavaFX Application Thread] DEBUG Engine               - Running on OS: Windows 10 version 10.0
01:29:11.875 [JavaFX Application Thread] DEBUG Engine               - Architecture: amd64
01:29:11.875 [JavaFX Application Thread] INFO  Engine               - Source code and latest versions at: https://github.com/AlmasB/FXGL
01:29:11.875 [JavaFX Application Thread] INFO  Engine               -       Ask questions and discuss at: https://github.com/AlmasB/FXGL/discussions
01:29:11.876 [JavaFX Application Thread] INFO  Engine               -              Join the FXGL chat at: https://gitter.im/AlmasB/FXGL
01:29:11.931 [JavaFX Application Thread] DEBUG PrimaryStageWindow   - Creating a JavaFX scene
01:29:11.962 [JavaFX Application Thread] DEBUG PrimaryStageWindow   - Target settings size: 1280.0 x 720.0
01:29:11.963 [JavaFX Application Thread] DEBUG PrimaryStageWindow   - Scaled scene size:    1280.0 x 720.0
01:29:11.963 [JavaFX Application Thread] DEBUG PrimaryStageWindow   - Scaled ratio: (1.0, 1.0)
01:29:11.963 [JavaFX Application Thread] DEBUG PrimaryStageWindow   - Set initial scene to FXGLStartupScene
01:29:11.967 [JavaFX Application Thread] DEBUG PrimaryStageWindow   - Opening main window
01:29:12.022 [JavaFX Application Thread] DEBUG PrimaryStageWindow   - Window border size: (16.0, 39.0)
01:29:12.022 [JavaFX Application Thread] DEBUG PrimaryStageWindow   - Scaled size: 1280.0 x 720.0
01:29:12.022 [JavaFX Application Thread] DEBUG PrimaryStageWindow   - Scaled ratio: (1.0, 1.0)
01:29:12.022 [JavaFX Application Thread] DEBUG PrimaryStageWindow   - Scene size: 1280.0 x 720.0
01:29:12.022 [JavaFX Application Thread] DEBUG PrimaryStageWindow   - Stage size: 1296.0 x 759.0
01:29:12.027 [FXGL Background Thread 1 ] DEBUG Engine               - Initializing environment variables
01:29:12.058 [FXGL Background Thread 1 ] DEBUG FXGLAssetLoaderServi - User app class for loading assets: class com.gol.gameoflife.Main
01:29:12.059 [FXGL Background Thread 1 ] DEBUG GameApplicationServi - Applying CSS: fxgl_dark.css
01:29:12.059 [FXGL Background Thread 1 ] DEBUG FXGLAssetLoaderServi - Loading from file system: jar:file:///C:/Users/Pancakeman/.m2/repository/com/github/almasb/fxgl/17.1/fxgl-17.1.jar!/fxglassets/ui/css/fxgl_dark.css
01:29:12.087 [FXGL Background Thread 1 ] DEBUG GameApplicationServi - Initializing application scenes
01:29:12.113 [FXGL Background Thread 1 ] DEBUG GameWorld            - Game world initialized
01:29:12.155 [FXGL Background Thread 1 ] DEBUG PhysicsWorld         - Physics world initialized: appHeight=720, physics.ppm=50.0
01:29:12.155 [FXGL Background Thread 1 ] DEBUG PhysicsWorld         - Using strategy: BRUTE_FORCE
01:29:12.158 [FXGL Background Thread 1 ] DEBUG GameScene            - Game scene initialized: 1280x720
01:29:12.166 [FXGL Background Thread 1 ] DEBUG FXGL.DefaultMenu     - createMenuBodyGameMenu()
01:29:12.176 [FXGL Background Thread 1 ] DEBUG FXGL.DefaultMenu     - createOptionsMenu()
01:29:12.182 [FXGL Background Thread 1 ] DEBUG FXGLAssetLoaderServi - Loading from file system: jar:file:///C:/Users/Pancakeman/.m2/repository/com/github/almasb/fxgl/17.1/fxgl-17.1.jar!/fxglassets/textures/particles/smoke.png
01:29:12.245 [FXGL Background Thread 1 ] DEBUG FXGLAssetLoaderServi - Loading from file system: jar:file:///C:/Users/Pancakeman/.m2/repository/com/github/almasb/fxgl/17.1/fxgl-17.1.jar!/fxglassets/textures/particles/trace_horizontal.png
01:29:12.266 [FXGL Background Thread 1 ] DEBUG GameApplicationServi - Application scenes initialized
01:29:12.274 [FXGL Background Thread 1 ] DEBUG SystemBundleService  - Loading FXGL system data
01:29:12.277 [FXGL Background Thread 1 ] DEBUG FileSystemAccess     - Reading from: C:\Users\Pancakeman\IdeaProjects\Game of Life\system\fxgl.bundle
01:29:12.283 [FXGL Background Thread 1 ] DEBUG SystemBundleService  - Bundle FXGL: {}
01:29:12.284 [FXGL Background Thread 1 ] DEBUG UpdaterService       - Checking for updates
01:29:12.286 [FXGL Background Thread 4 ] DEBUG FXGLApplication      - Loading fonts
01:29:12.286 [FXGL Background Thread 1 ] DEBUG FXGLApplication      - Loading default localization
01:29:12.287 [FXGL Background Thread 4 ] DEBUG FXGLAssetLoaderServi - Loading from file system: jar:file:///C:/Users/Pancakeman/.m2/repository/com/github/almasb/fxgl/17.1/fxgl-17.1.jar!/fxglassets/ui/fonts/VarelaRound-Regular.ttf
01:29:12.287 [FXGL Background Thread 1 ] DEBUG FXGLAssetLoaderServi - Loading from file system: jar:file:///C:/Users/Pancakeman/.m2/repository/com/github/almasb/fxgl/17.1/fxgl-17.1.jar!/fxglassets/languages/english.lang
01:29:12.300 [FXGL Background Thread 1 ] INFO  FXGLApplication      - FXGL initialization took: 0.273 sec
01:29:12.310 [JavaFX Application Thread] DEBUG Input                - Registered new binding: action0 - D
01:29:12.310 [JavaFX Application Thread] DEBUG Input                - Registered new binding: action1 - A
01:29:12.310 [JavaFX Application Thread] DEBUG Input                - Registered new binding: action2 - S
01:29:12.311 [JavaFX Application Thread] DEBUG Input                - Registered new binding: action3 - W
01:29:12.311 [JavaFX Application Thread] DEBUG FXGLAssetLoaderServi - Loading from file system: jar:file:///C:/Users/Pancakeman/.m2/repository/com/github/almasb/fxgl/17.1/fxgl-17.1.jar!/fxglassets/textures/fxgl_icon.png
01:29:12.329 [JavaFX Application Thread] DEBUG FXGLAssetLoaderServi - Loading from file system: jar:file:///C:/Users/Pancakeman/.m2/repository/com/github/almasb/fxgl/17.1/fxgl-17.1.jar!/fxglassets/textures/fxgl_default_cursor.png
01:29:12.331 [JavaFX Application Thread] DEBUG Input                - Registered new binding: Screenshot - CTRL+8
01:29:12.331 [JavaFX Application Thread] DEBUG Input                - Registered new binding: System info dump - CTRL+9
01:29:12.332 [JavaFX Application Thread] DEBUG Input                - Registered new binding: Restart - CTRL+R
01:29:12.332 [JavaFX Application Thread] DEBUG Input                - Registered new binding: Toggle Debug Camera - CTRL+7
01:29:12.334 [JavaFX Application Thread] DEBUG LoopRunner           - Starting loop
01:29:12.334 [JavaFX Application Thread] DEBUG LoopRunner           - Initializing JavaFX AnimationTimerLoop
01:29:12.335 [JavaFX Application Thread] DEBUG GameApplicationServi - Starting new game
01:29:12.336 [JavaFX Application Thread] DEBUG Input                - Clearing active input actions
01:29:12.337 [FXGL Background Thread 4 ] DEBUG FXGLAssetLoaderServi - Loading from file system: jar:file:///C:/Users/Pancakeman/.m2/repository/com/github/almasb/fxgl/17.1/fxgl-17.1.jar!/fxglassets/ui/fonts/Abel-Regular.ttf
01:29:12.344 [FXGL Background Thread 4 ] DEBUG FXGLAssetLoaderServi - Loading from file system: jar:file:///C:/Users/Pancakeman/.m2/repository/com/github/almasb/fxgl/17.1/fxgl-17.1.jar!/fxglassets/ui/fonts/TerminalLandMono-Regular.otf
01:29:12.345 [JavaFX Application Thread] DEBUG GameApplicationServi - Removing overlay from FXGLStartupScene and adding to FXGLLoadingScene
01:29:12.345 [JavaFX Application Thread] DEBUG PrimaryStageWindow   - FXGLStartupScene -> FXGLLoadingScene
01:29:12.345 [JavaFX Application Thread] DEBUG GameApplicationServi - Clearing previous game
01:29:12.345 [JavaFX Application Thread] DEBUG GameScene            - Clearing game scene
01:29:12.345 [JavaFX Application Thread] DEBUG GameWorld            - Clearing game world
01:29:12.345 [JavaFX Application Thread] DEBUG PhysicsWorld         - Clearing physics world
01:29:12.347 [FXGL Background Thread 1 ] DEBUG FXGLApplication      - Initializing game
01:29:12.351 [FXGL Background Thread 4 ] DEBUG FXGLAssetLoaderServi - Loading from file system: jar:file:///C:/Users/Pancakeman/.m2/repository/com/github/almasb/fxgl/17.1/fxgl-17.1.jar!/fxglassets/ui/fonts/Courier-Prime.ttf
01:29:12.356 [FXGL Background Thread 1 ] INFO  FXGLApplication      - Game initialization took: 0.010 sec
01:29:12.380 [JavaFX Application Thread] DEBUG Input                - Clearing active input actions
01:29:12.385 [JavaFX Application Thread] DEBUG GameApplicationServi - Removing overlay from FXGLLoadingScene and adding to GameScene
01:29:12.385 [JavaFX Application Thread] DEBUG PrimaryStageWindow   - FXGLLoadingScene -> GameScene
01:29:12.385 [JavaFX Application Thread] DEBUG FXGLApplication      - Registering font factories with UI factory
01:29:12.928 [FXGL Background Thread 2 ] INFO  UpdaterService       - Your current version:  17.1
01:29:12.928 [FXGL Background Thread 2 ] INFO  UpdaterService       - Latest stable version: 17.2
01:29:14.632 [JavaFX Application Thread] DEBUG FXGLApplication      - Exiting FXGL
01:29:14.632 [JavaFX Application Thread] DEBUG LoopRunner           - Stopping loop
01:29:14.632 [JavaFX Application Thread] DEBUG SystemBundleService  - Saving FXGL system data
01:29:14.634 [JavaFX Application Thread] DEBUG FileSystemAccess     - Writing to: C:\Users\Pancakeman\IdeaProjects\Game of Life\system\fxgl.bundle
01:29:14.636 [JavaFX Application Thread] DEBUG Async                - Shutting down background threads
01:29:14.636 [JavaFX Application Thread] DEBUG PrimaryStageWindow   - Closing main window
01:29:14.642 [JavaFX Application Thread] DEBUG Logger               - Closing Logger
