01:24:44.165 [main                     ] DEBUG Logger               - Configured Logger
01:24:44.182 [main                     ] DEBUG GameApplication      - Logging settings
Title: Game of Life
Version: 
Width: 1280
Height: 720
Fullscreen: false
Intro: false
Profiling: false
Single step:false
App Mode: DEVELOPER
Menu Key: ESCAPE
Stage Style: DECORATED
Scene Factory: class com.almasb.fxgl.app.scene.SceneFactory

01:24:44.423 [JavaFX Application Thread] DEBUG FXGLApplication      - Initializing FXGL
01:24:44.426 [JavaFX Application Thread] INFO  Engine               - FXGL-17.1 (24.03.2022 17.34) on WINDOWS (J:19.0.1 FX:19-ea)
01:24:44.427 [JavaFX Application Thread] DEBUG Engine               - JRE Vendor Name: Oracle Corporation
01:24:44.427 [JavaFX Application Thread] DEBUG Engine               - Running on OS: Windows 10 version 10.0
01:24:44.427 [JavaFX Application Thread] DEBUG Engine               - Architecture: amd64
01:24:44.427 [JavaFX Application Thread] INFO  Engine               - Source code and latest versions at: https://github.com/AlmasB/FXGL
01:24:44.427 [JavaFX Application Thread] INFO  Engine               -       Ask questions and discuss at: https://github.com/AlmasB/FXGL/discussions
01:24:44.427 [JavaFX Application Thread] INFO  Engine               -              Join the FXGL chat at: https://gitter.im/AlmasB/FXGL
01:24:44.475 [JavaFX Application Thread] DEBUG PrimaryStageWindow   - Creating a JavaFX scene
01:24:44.501 [JavaFX Application Thread] DEBUG PrimaryStageWindow   - Target settings size: 1280.0 x 720.0
01:24:44.502 [JavaFX Application Thread] DEBUG PrimaryStageWindow   - Scaled scene size:    1280.0 x 720.0
01:24:44.502 [JavaFX Application Thread] DEBUG PrimaryStageWindow   - Scaled ratio: (1.0, 1.0)
01:24:44.502 [JavaFX Application Thread] DEBUG PrimaryStageWindow   - Set initial scene to FXGLStartupScene
01:24:44.507 [JavaFX Application Thread] DEBUG PrimaryStageWindow   - Opening main window
01:24:44.554 [JavaFX Application Thread] DEBUG PrimaryStageWindow   - Window border size: (16.0, 39.0)
01:24:44.554 [JavaFX Application Thread] DEBUG PrimaryStageWindow   - Scaled size: 1280.0 x 720.0
01:24:44.554 [JavaFX Application Thread] DEBUG PrimaryStageWindow   - Scaled ratio: (1.0, 1.0)
01:24:44.554 [JavaFX Application Thread] DEBUG PrimaryStageWindow   - Scene size: 1280.0 x 720.0
01:24:44.555 [JavaFX Application Thread] DEBUG PrimaryStageWindow   - Stage size: 1296.0 x 759.0
01:24:44.559 [FXGL Background Thread 1 ] DEBUG Engine               - Initializing environment variables
01:24:44.587 [FXGL Background Thread 1 ] DEBUG FXGLAssetLoaderServi - User app class for loading assets: class com.gol.gameoflife.Main
01:24:44.588 [FXGL Background Thread 1 ] DEBUG GameApplicationServi - Applying CSS: fxgl_dark.css
01:24:44.588 [FXGL Background Thread 1 ] DEBUG FXGLAssetLoaderServi - Loading from file system: jar:file:///C:/Users/Pancakeman/.m2/repository/com/github/almasb/fxgl/17.1/fxgl-17.1.jar!/fxglassets/ui/css/fxgl_dark.css
01:24:44.614 [FXGL Background Thread 1 ] DEBUG GameApplicationServi - Initializing application scenes
01:24:44.637 [FXGL Background Thread 1 ] DEBUG GameWorld            - Game world initialized
01:24:44.676 [FXGL Background Thread 1 ] DEBUG PhysicsWorld         - Physics world initialized: appHeight=720, physics.ppm=50.0
01:24:44.676 [FXGL Background Thread 1 ] DEBUG PhysicsWorld         - Using strategy: BRUTE_FORCE
01:24:44.679 [FXGL Background Thread 1 ] DEBUG GameScene            - Game scene initialized: 1280x720
01:24:44.687 [FXGL Background Thread 1 ] DEBUG FXGL.DefaultMenu     - createMenuBodyGameMenu()
01:24:44.695 [FXGL Background Thread 1 ] DEBUG FXGL.DefaultMenu     - createOptionsMenu()
01:24:44.702 [FXGL Background Thread 1 ] DEBUG FXGLAssetLoaderServi - Loading from file system: jar:file:///C:/Users/Pancakeman/.m2/repository/com/github/almasb/fxgl/17.1/fxgl-17.1.jar!/fxglassets/textures/particles/smoke.png
01:24:44.760 [FXGL Background Thread 1 ] DEBUG FXGLAssetLoaderServi - Loading from file system: jar:file:///C:/Users/Pancakeman/.m2/repository/com/github/almasb/fxgl/17.1/fxgl-17.1.jar!/fxglassets/textures/particles/trace_horizontal.png
01:24:44.783 [FXGL Background Thread 1 ] DEBUG GameApplicationServi - Application scenes initialized
01:24:44.790 [FXGL Background Thread 1 ] DEBUG SystemBundleService  - Loading FXGL system data
01:24:44.794 [FXGL Background Thread 1 ] DEBUG FileSystemAccess     - Reading from: C:\Users\Pancakeman\IdeaProjects\Game of Life\system\fxgl.bundle
01:24:44.800 [FXGL Background Thread 1 ] DEBUG SystemBundleService  - Bundle FXGL: {}
01:24:44.800 [FXGL Background Thread 1 ] DEBUG UpdaterService       - Checking for updates
01:24:44.802 [FXGL Background Thread 4 ] DEBUG FXGLApplication      - Loading fonts
01:24:44.803 [FXGL Background Thread 1 ] DEBUG FXGLApplication      - Loading default localization
01:24:44.803 [FXGL Background Thread 4 ] DEBUG FXGLAssetLoaderServi - Loading from file system: jar:file:///C:/Users/Pancakeman/.m2/repository/com/github/almasb/fxgl/17.1/fxgl-17.1.jar!/fxglassets/ui/fonts/VarelaRound-Regular.ttf
01:24:44.803 [FXGL Background Thread 1 ] DEBUG FXGLAssetLoaderServi - Loading from file system: jar:file:///C:/Users/Pancakeman/.m2/repository/com/github/almasb/fxgl/17.1/fxgl-17.1.jar!/fxglassets/languages/english.lang
01:24:44.816 [FXGL Background Thread 1 ] INFO  FXGLApplication      - FXGL initialization took: 0.258 sec
01:24:44.823 [JavaFX Application Thread] DEBUG Input                - Registered new binding: action0 - D
01:24:44.823 [JavaFX Application Thread] DEBUG Input                - Registered new binding: action1 - A
01:24:44.823 [JavaFX Application Thread] DEBUG Input                - Registered new binding: action2 - S
01:24:44.823 [JavaFX Application Thread] DEBUG Input                - Registered new binding: action3 - W
01:24:44.824 [JavaFX Application Thread] DEBUG FXGLAssetLoaderServi - Loading from file system: jar:file:///C:/Users/Pancakeman/.m2/repository/com/github/almasb/fxgl/17.1/fxgl-17.1.jar!/fxglassets/textures/fxgl_icon.png
01:24:44.844 [JavaFX Application Thread] DEBUG FXGLAssetLoaderServi - Loading from file system: jar:file:///C:/Users/Pancakeman/.m2/repository/com/github/almasb/fxgl/17.1/fxgl-17.1.jar!/fxglassets/textures/fxgl_default_cursor.png
01:24:44.846 [FXGL Background Thread 4 ] DEBUG FXGLAssetLoaderServi - Loading from file system: jar:file:///C:/Users/Pancakeman/.m2/repository/com/github/almasb/fxgl/17.1/fxgl-17.1.jar!/fxglassets/ui/fonts/Abel-Regular.ttf
01:24:44.847 [JavaFX Application Thread] DEBUG Input                - Registered new binding: Screenshot - CTRL+8
01:24:44.847 [JavaFX Application Thread] DEBUG Input                - Registered new binding: System info dump - CTRL+9
01:24:44.848 [JavaFX Application Thread] DEBUG Input                - Registered new binding: Restart - CTRL+R
01:24:44.848 [JavaFX Application Thread] DEBUG Input                - Registered new binding: Toggle Debug Camera - CTRL+7
01:24:44.850 [JavaFX Application Thread] DEBUG LoopRunner           - Starting loop
01:24:44.850 [JavaFX Application Thread] DEBUG LoopRunner           - Initializing JavaFX AnimationTimerLoop
01:24:44.851 [JavaFX Application Thread] DEBUG GameApplicationServi - Starting new game
01:24:44.852 [JavaFX Application Thread] DEBUG Input                - Clearing active input actions
01:24:44.856 [FXGL Background Thread 4 ] DEBUG FXGLAssetLoaderServi - Loading from file system: jar:file:///C:/Users/Pancakeman/.m2/repository/com/github/almasb/fxgl/17.1/fxgl-17.1.jar!/fxglassets/ui/fonts/TerminalLandMono-Regular.otf
01:24:44.861 [JavaFX Application Thread] DEBUG GameApplicationServi - Removing overlay from FXGLStartupScene and adding to FXGLLoadingScene
01:24:44.861 [JavaFX Application Thread] DEBUG PrimaryStageWindow   - FXGLStartupScene -> FXGLLoadingScene
01:24:44.861 [JavaFX Application Thread] DEBUG GameApplicationServi - Clearing previous game
01:24:44.861 [JavaFX Application Thread] DEBUG GameScene            - Clearing game scene
01:24:44.861 [JavaFX Application Thread] DEBUG GameWorld            - Clearing game world
01:24:44.861 [JavaFX Application Thread] DEBUG PhysicsWorld         - Clearing physics world
01:24:44.863 [FXGL Background Thread 1 ] DEBUG FXGLApplication      - Initializing game
01:24:44.864 [FXGL Background Thread 4 ] DEBUG FXGLAssetLoaderServi - Loading from file system: jar:file:///C:/Users/Pancakeman/.m2/repository/com/github/almasb/fxgl/17.1/fxgl-17.1.jar!/fxglassets/ui/fonts/Courier-Prime.ttf
01:24:44.869 [FXGL Background Thread 1 ] INFO  FXGLApplication      - Game initialization took: 0.006 sec
01:24:44.887 [JavaFX Application Thread] DEBUG Input                - Clearing active input actions
01:24:44.891 [JavaFX Application Thread] DEBUG GameApplicationServi - Removing overlay from FXGLLoadingScene and adding to GameScene
01:24:44.892 [JavaFX Application Thread] DEBUG PrimaryStageWindow   - FXGLLoadingScene -> GameScene
01:24:44.896 [JavaFX Application Thread] DEBUG FXGLApplication      - Registering font factories with UI factory
01:24:45.042 [FXGL Background Thread 2 ] INFO  UpdaterService       - Your current version:  17.1
01:24:45.042 [FXGL Background Thread 2 ] INFO  UpdaterService       - Latest stable version: 17.2
01:24:47.802 [FXGL Background Thread 3 ] DEBUG Engine               - Logging environment variables
01:24:47.802 [FXGL Background Thread 3 ] DEBUG Engine               - achievements: []
01:24:47.802 [FXGL Background Thread 3 ] DEBUG Engine               - actualHeight: 720.0
01:24:47.802 [FXGL Background Thread 3 ] DEBUG Engine               - actualHeightProperty: ReadOnlyDoubleProperty [value: 720.0]
01:24:47.802 [FXGL Background Thread 3 ] DEBUG Engine               - actualWidth: 1280.0
01:24:47.802 [FXGL Background Thread 3 ] DEBUG Engine               - actualWidthProperty: ReadOnlyDoubleProperty [value: 1280.0]
01:24:47.802 [FXGL Background Thread 3 ] DEBUG Engine               - appIcon: fxgl_icon.png
01:24:47.802 [FXGL Background Thread 3 ] DEBUG Engine               - applicationMode: DEVELOPER
01:24:47.802 [FXGL Background Thread 3 ] DEBUG Engine               - cSSList: [fxgl_dark.css]
01:24:47.802 [FXGL Background Thread 3 ] DEBUG Engine               - collisionDetectionStrategy: BRUTE_FORCE
01:24:47.802 [FXGL Background Thread 3 ] DEBUG Engine               - configClass: Optional.empty
01:24:47.802 [FXGL Background Thread 3 ] DEBUG Engine               - credits: []
01:24:47.803 [FXGL Background Thread 3 ] DEBUG Engine               - defaultCursor: CursorInfo(imageName=fxgl_default_cursor.png, hotspotX=7.0, hotspotY=6.0)
01:24:47.803 [FXGL Background Thread 3 ] DEBUG Engine               - devBBoxColorProperty: ObjectProperty [value: 0xff0000ff]
01:24:47.803 [FXGL Background Thread 3 ] DEBUG Engine               - devEnableDebugCameraProperty: BooleanProperty [value: false]
01:24:47.803 [FXGL Background Thread 3 ] DEBUG Engine               - devSensorColorProperty: ObjectProperty [value: 0xffff00ff]
01:24:47.803 [FXGL Background Thread 3 ] DEBUG Engine               - devShowBBoxProperty: BooleanProperty [value: false]
01:24:47.803 [FXGL Background Thread 3 ] DEBUG Engine               - devShowPositionProperty: BooleanProperty [value: false]
01:24:47.803 [FXGL Background Thread 3 ] DEBUG Engine               - enabledMenuItems: []
01:24:47.803 [FXGL Background Thread 3 ] DEBUG Engine               - engineServices: [class com.almasb.fxgl.app.services.FXGLAssetLoaderService, class com.almasb.fxgl.app.FXGLApplication$GameApplicationService, class com.almasb.fxgl.app.services.FXGLDialogService, class com.almasb.fxgl.app.services.IOTaskExecutorService, class com.almasb.fxgl.io.FileSystemService, class com.almasb.fxgl.localization.LocalizationService, class com.almasb.fxgl.app.services.SystemBundleService, class com.almasb.fxgl.profile.SaveLoadService, class com.almasb.fxgl.ui.FXGLUIFactoryServiceProvider, class com.almasb.fxgl.ui.FXGLDialogFactoryServiceProvider, class com.almasb.fxgl.audio.AudioPlayer, class com.almasb.fxgl.notification.impl.NotificationServiceProvider, class com.almasb.fxgl.achievement.AchievementService, class com.almasb.fxgl.cutscene.CutsceneService, class com.almasb.fxgl.minigames.MiniGameService, class com.almasb.fxgl.net.NetService, class com.almasb.fxgl.app.services.UpdaterService, class com.almasb.fxgl.dev.DevService]
01:24:47.803 [FXGL Background Thread 3 ] DEBUG Engine               - fontGame: Abel-Regular.ttf
01:24:47.803 [FXGL Background Thread 3 ] DEBUG Engine               - fontMono: TerminalLandMono-Regular.otf
01:24:47.803 [FXGL Background Thread 3 ] DEBUG Engine               - fontText: Courier-Prime.ttf
01:24:47.803 [FXGL Background Thread 3 ] DEBUG Engine               - fontUI: VarelaRound-Regular.ttf
01:24:47.803 [FXGL Background Thread 3 ] DEBUG Engine               - fullScreen: BooleanProperty [value: false]
01:24:47.803 [FXGL Background Thread 3 ] DEBUG Engine               - gameDifficulty: MEDIUM
01:24:47.803 [FXGL Background Thread 3 ] DEBUG Engine               - gameDifficultyProperty: ObjectProperty [value: MEDIUM]
01:24:47.803 [FXGL Background Thread 3 ] DEBUG Engine               - globalMusicVolume: 0.5
01:24:47.803 [FXGL Background Thread 3 ] DEBUG Engine               - globalMusicVolumeProperty: DoubleProperty [value: 0.5]
01:24:47.803 [FXGL Background Thread 3 ] DEBUG Engine               - globalSoundVolume: 0.5
01:24:47.803 [FXGL Background Thread 3 ] DEBUG Engine               - globalSoundVolumeProperty: DoubleProperty [value: 0.5]
01:24:47.803 [FXGL Background Thread 3 ] DEBUG Engine               - height: 720
01:24:47.803 [FXGL Background Thread 3 ] DEBUG Engine               - is3D: false
01:24:47.803 [FXGL Background Thread 3 ] DEBUG Engine               - isAndroid: false
01:24:47.803 [FXGL Background Thread 3 ] DEBUG Engine               - isBrowser: false
01:24:47.803 [FXGL Background Thread 3 ] DEBUG Engine               - isClickFeedbackEnabled: false
01:24:47.803 [FXGL Background Thread 3 ] DEBUG Engine               - isCloseConfirmation: false
01:24:47.803 [FXGL Background Thread 3 ] DEBUG Engine               - isDesktop: true
01:24:47.803 [FXGL Background Thread 3 ] DEBUG Engine               - isDeveloperMenuEnabled: false
01:24:47.803 [FXGL Background Thread 3 ] DEBUG Engine               - isEmbedded: false
01:24:47.803 [FXGL Background Thread 3 ] DEBUG Engine               - isEntityPreloadEnabled: true
01:24:47.803 [FXGL Background Thread 3 ] DEBUG Engine               - isExperimentalTiledLargeMap: false
01:24:47.803 [FXGL Background Thread 3 ] DEBUG Engine               - isFileSystemWriteAllowed: true
01:24:47.803 [FXGL Background Thread 3 ] DEBUG Engine               - isFullScreenAllowed: false
01:24:47.803 [FXGL Background Thread 3 ] DEBUG Engine               - isFullScreenFromStart: false
01:24:47.803 [FXGL Background Thread 3 ] DEBUG Engine               - isGameMenuEnabled: true
01:24:47.803 [FXGL Background Thread 3 ] DEBUG Engine               - isIOS: false
01:24:47.803 [FXGL Background Thread 3 ] DEBUG Engine               - isIntroEnabled: false
01:24:47.803 [FXGL Background Thread 3 ] DEBUG Engine               - isLinux: false
01:24:47.803 [FXGL Background Thread 3 ] DEBUG Engine               - isMac: false
01:24:47.803 [FXGL Background Thread 3 ] DEBUG Engine               - isMainMenuEnabled: false
01:24:47.804 [FXGL Background Thread 3 ] DEBUG Engine               - isManualResizeEnabled: false
01:24:47.804 [FXGL Background Thread 3 ] DEBUG Engine               - isMobile: false
01:24:47.804 [FXGL Background Thread 3 ] DEBUG Engine               - isNative: false
01:24:47.804 [FXGL Background Thread 3 ] DEBUG Engine               - isPauseMusicWhenMinimized: true
01:24:47.804 [FXGL Background Thread 3 ] DEBUG Engine               - isPreserveResizeRatio: false
01:24:47.804 [FXGL Background Thread 3 ] DEBUG Engine               - isProfilingEnabled: false
01:24:47.804 [FXGL Background Thread 3 ] DEBUG Engine               - isScaleAffectedOnResize: true
01:24:47.804 [FXGL Background Thread 3 ] DEBUG Engine               - isSingleStep: false
01:24:47.804 [FXGL Background Thread 3 ] DEBUG Engine               - isUserProfileEnabled: false
01:24:47.804 [FXGL Background Thread 3 ] DEBUG Engine               - isWindows: true
01:24:47.804 [FXGL Background Thread 3 ] DEBUG Engine               - language: ObjectProperty [value: ENGLISH]
01:24:47.804 [FXGL Background Thread 3 ] DEBUG Engine               - menuKey: ESCAPE
01:24:47.804 [FXGL Background Thread 3 ] DEBUG Engine               - mouseSensitivity: 0.2
01:24:47.804 [FXGL Background Thread 3 ] DEBUG Engine               - notificationViewClass: class com.almasb.fxgl.notification.view.XboxNotificationView
01:24:47.804 [FXGL Background Thread 3 ] DEBUG Engine               - pixelsPerMeter: 50.0
01:24:47.804 [FXGL Background Thread 3 ] DEBUG Engine               - platform: WINDOWS
01:24:47.804 [FXGL Background Thread 3 ] DEBUG Engine               - prefHeightProperty: ReadOnlyDoubleProperty [value: 720.0]
01:24:47.804 [FXGL Background Thread 3 ] DEBUG Engine               - prefWidthProperty: ReadOnlyDoubleProperty [value: 1280.0]
01:24:47.804 [FXGL Background Thread 3 ] DEBUG Engine               - profileDir: profiles/
01:24:47.804 [FXGL Background Thread 3 ] DEBUG Engine               - profileName: StringProperty [value: DEFAULT]
01:24:47.804 [FXGL Background Thread 3 ] DEBUG Engine               - randomSeed: -1
01:24:47.804 [FXGL Background Thread 3 ] DEBUG Engine               - runtimeInfo: RuntimeInfo(platform=WINDOWS, version=17.1, build=24.03.2022 17.34)
01:24:47.804 [FXGL Background Thread 3 ] DEBUG Engine               - saveFileExt: sav
01:24:47.804 [FXGL Background Thread 3 ] DEBUG Engine               - scaledHeightProp$fxgl: DoubleProperty [bound, value: 720.0]
01:24:47.804 [FXGL Background Thread 3 ] DEBUG Engine               - scaledWidthProp$fxgl: DoubleProperty [bound, value: 1280.0]
01:24:47.804 [FXGL Background Thread 3 ] DEBUG Engine               - sceneFactory: com.almasb.fxgl.app.scene.SceneFactory@7e942698
01:24:47.804 [FXGL Background Thread 3 ] DEBUG Engine               - secondsIn24h: 60
01:24:47.804 [FXGL Background Thread 3 ] DEBUG Engine               - soundMenuBack: menu/back.wav
01:24:47.804 [FXGL Background Thread 3 ] DEBUG Engine               - soundMenuPress: menu/press.wav
01:24:47.804 [FXGL Background Thread 3 ] DEBUG Engine               - soundMenuSelect: menu/select.wav
01:24:47.804 [FXGL Background Thread 3 ] DEBUG Engine               - soundNotification: core/notification.wav
01:24:47.804 [FXGL Background Thread 3 ] DEBUG Engine               - stageStyle: DECORATED
01:24:47.804 [FXGL Background Thread 3 ] DEBUG Engine               - supportedLanguages: [ENGLISH, FRENCH, GERMAN, HUNGARIAN, RUSSIAN]
01:24:47.804 [FXGL Background Thread 3 ] DEBUG Engine               - ticksPerSecond: -1
01:24:47.804 [FXGL Background Thread 3 ] DEBUG Engine               - title: Game of Life
01:24:47.804 [FXGL Background Thread 3 ] DEBUG Engine               - urlGithub: https://github.com/AlmasB/FXGL
01:24:47.804 [FXGL Background Thread 3 ] DEBUG Engine               - urlLeaderboard: http://fxgl-top.herokuapp.com/
01:24:47.804 [FXGL Background Thread 3 ] DEBUG Engine               - urlPOM: https://raw.githubusercontent.com/AlmasB/FXGL/release/README.md
01:24:47.804 [FXGL Background Thread 3 ] DEBUG Engine               - userAppClass: class com.gol.gameoflife.Main
01:24:47.804 [FXGL Background Thread 3 ] DEBUG Engine               - version: 
01:24:47.805 [FXGL Background Thread 3 ] DEBUG Engine               - versionCheckDays: 7
01:24:47.805 [FXGL Background Thread 3 ] DEBUG Engine               - width: 1280
01:24:47.805 [FXGL Background Thread 3 ] DEBUG Engine               - Logging services
01:24:47.805 [FXGL Background Thread 3 ] DEBUG Engine               - class com.almasb.fxgl.app.services.FXGLAssetLoaderService
01:24:47.805 [FXGL Background Thread 3 ] DEBUG Engine               - class com.almasb.fxgl.app.FXGLApplication$GameApplicationService
01:24:47.805 [FXGL Background Thread 3 ] DEBUG Engine               - class com.almasb.fxgl.app.services.FXGLDialogService
01:24:47.805 [FXGL Background Thread 3 ] DEBUG Engine               - class com.almasb.fxgl.app.services.IOTaskExecutorService
01:24:47.805 [FXGL Background Thread 3 ] DEBUG Engine               - class com.almasb.fxgl.io.FileSystemService
01:24:47.805 [FXGL Background Thread 3 ] DEBUG Engine               - class com.almasb.fxgl.localization.LocalizationService
01:24:47.805 [FXGL Background Thread 3 ] DEBUG Engine               - class com.almasb.fxgl.app.services.SystemBundleService
01:24:47.805 [FXGL Background Thread 3 ] DEBUG Engine               - class com.almasb.fxgl.profile.SaveLoadService
01:24:47.805 [FXGL Background Thread 3 ] DEBUG Engine               - class com.almasb.fxgl.ui.FXGLUIFactoryServiceProvider
01:24:47.805 [FXGL Background Thread 3 ] DEBUG Engine               - class com.almasb.fxgl.ui.FXGLDialogFactoryServiceProvider
01:24:47.805 [FXGL Background Thread 3 ] DEBUG Engine               - class com.almasb.fxgl.audio.AudioPlayer
01:24:47.805 [FXGL Background Thread 3 ] DEBUG Engine               - class com.almasb.fxgl.notification.impl.NotificationServiceProvider
01:24:47.805 [FXGL Background Thread 3 ] DEBUG Engine               - class com.almasb.fxgl.achievement.AchievementService
01:24:47.805 [FXGL Background Thread 3 ] DEBUG Engine               - class com.almasb.fxgl.cutscene.CutsceneService
01:24:47.805 [FXGL Background Thread 3 ] DEBUG Engine               - class com.almasb.fxgl.minigames.MiniGameService
01:24:47.805 [FXGL Background Thread 3 ] DEBUG Engine               - class com.almasb.fxgl.net.NetService
01:24:47.805 [FXGL Background Thread 3 ] DEBUG Engine               - class com.almasb.fxgl.app.services.UpdaterService
01:24:47.805 [FXGL Background Thread 3 ] DEBUG Engine               - class com.almasb.fxgl.dev.DevService
01:24:49.545 [JavaFX Application Thread] DEBUG FXGLApplication      - Exiting FXGL
01:24:49.545 [JavaFX Application Thread] DEBUG LoopRunner           - Stopping loop
01:24:49.545 [JavaFX Application Thread] DEBUG SystemBundleService  - Saving FXGL system data
01:24:49.547 [JavaFX Application Thread] DEBUG FileSystemAccess     - Writing to: C:\Users\Pancakeman\IdeaProjects\Game of Life\system\fxgl.bundle
01:24:49.548 [JavaFX Application Thread] DEBUG Async                - Shutting down background threads
01:24:49.549 [JavaFX Application Thread] DEBUG PrimaryStageWindow   - Closing main window
01:24:49.554 [JavaFX Application Thread] DEBUG Logger               - Closing Logger
